[2017-05-30 13:05:57] ERROR [proj.urls.<module>:9] main urls is running
[2017-05-30 13:05:57] WARNING [proj.urls.<module>:12] main urls is running
[2017-05-30 13:05:57] CRITICAL [proj.urls.<module>:13] main urls is running
[2017-05-30 13:06:04] ERROR [proj.urls.<module>:9] main urls is running
[2017-05-30 13:06:04] WARNING [proj.urls.<module>:12] main urls is running
[2017-05-30 13:06:04] CRITICAL [proj.urls.<module>:13] main urls is running
[2017-05-30 13:09:01] ERROR [proj.urls.<module>:9] main urls is running
[2017-05-30 13:09:01] WARNING [proj.urls.<module>:12] main urls is running
[2017-05-30 13:09:01] CRITICAL [proj.urls.<module>:13] main urls is running
[2017-05-30 13:10:35] ERROR [proj.urls.<module>:9] main urls is running
[2017-05-30 13:10:35] WARNING [proj.urls.<module>:12] main urls is running
[2017-05-30 13:10:35] CRITICAL [proj.urls.<module>:13] main urls is running
[2017-05-30 13:10:42] ERROR [apps.tokens.decorators._validate_grant_type:157] This is grant type password - log
[2017-05-30 13:10:42] ERROR [apps.tokens.views.post:18] Hitting post TokensView - log
[2017-05-30 13:11:04] ERROR [apps.tokens.decorators._validate_grant_type:157] This is grant type password - log
[2017-05-30 13:11:05] ERROR [apps.tokens.views.post:18] Hitting post TokensView - log
[2017-05-30 13:15:55] ERROR [proj.urls.<module>:9] main urls is running
[2017-05-30 13:15:55] WARNING [proj.urls.<module>:12] main urls is running
[2017-05-30 13:15:55] CRITICAL [proj.urls.<module>:13] main urls is running
[2017-05-30 13:16:08] ERROR [apps.tokens.decorators._validate_grant_type:157] This is grant type password - log
[2017-05-30 13:16:08] ERROR [apps.tokens.views.post:18] Hitting post TokensView - log
[2017-05-30 13:16:21] ERROR [apps.tokens.decorators._validate_grant_type:157] This is grant type password - log
[2017-05-30 13:16:21] ERROR [apps.tokens.views.post:18] Hitting post TokensView - log
[2017-05-30 13:19:03] ERROR [proj.urls.<module>:9] main urls is running
[2017-05-30 13:19:03] WARNING [proj.urls.<module>:12] main urls is running
[2017-05-30 13:19:03] CRITICAL [proj.urls.<module>:13] main urls is running
[2017-05-30 15:47:48] WARNING [apps.tokens.decorators.validate_request:114] Token validate request decorator being called
[2017-05-30 15:47:48] ERROR [apps.tokens.decorators.validate_request:115] Token validate request decorator being called
[2017-05-30 15:47:48] CRITICAL [apps.tokens.decorators.validate_request:116] Token validate request decorator being called
[2017-05-30 15:48:00] WARNING [apps.tokens.decorators.validate_request:114] Token validate request decorator being called
[2017-05-30 15:48:00] ERROR [apps.tokens.decorators.validate_request:115] Token validate request decorator being called
[2017-05-30 15:48:00] CRITICAL [apps.tokens.decorators.validate_request:116] Token validate request decorator being called
[2017-05-30 15:48:17] WARNING [apps.tokens.decorators.validate_request:114] Token validate request decorator being called
[2017-05-30 15:48:17] ERROR [apps.tokens.decorators.validate_request:115] Token validate request decorator being called
[2017-05-30 15:48:17] CRITICAL [apps.tokens.decorators.validate_request:116] Token validate request decorator being called
[2017-05-30 15:48:24] WARNING [apps.tokens.decorators.validate_request:114] Token validate request decorator being called
[2017-05-30 15:48:24] ERROR [apps.tokens.decorators.validate_request:115] Token validate request decorator being called
[2017-05-30 15:48:24] CRITICAL [apps.tokens.decorators.validate_request:116] Token validate request decorator being called
[2017-05-30 15:49:41] WARNING [apps.tokens.decorators.validate_request:114] Token validate request decorator being called
[2017-05-30 15:49:41] ERROR [apps.tokens.decorators.validate_request:115] Token validate request decorator being called
[2017-05-30 15:49:41] CRITICAL [apps.tokens.decorators.validate_request:116] Token validate request decorator being called
[2017-05-30 15:53:24] WARNING [apps.tokens.decorators.validate_request:114] Token validate request decorator being called
[2017-05-30 15:53:24] ERROR [apps.tokens.decorators.validate_request:115] Token validate request decorator being called
[2017-05-30 15:53:24] CRITICAL [apps.tokens.decorators.validate_request:116] Token validate request decorator being called
[2017-05-30 15:53:46] WARNING [apps.tokens.decorators.validate_request:114] Token validate request decorator being called
[2017-05-30 15:53:46] ERROR [apps.tokens.decorators.validate_request:115] Token validate request decorator being called
[2017-05-30 15:53:46] CRITICAL [apps.tokens.decorators.validate_request:116] Token validate request decorator being called
[2017-05-30 15:54:24] WARNING [apps.tokens.decorators.validate_request:114] Token validate request decorator being called
[2017-05-30 15:54:24] ERROR [apps.tokens.decorators.validate_request:115] Token validate request decorator being called
[2017-05-30 15:54:24] CRITICAL [apps.tokens.decorators.validate_request:116] Token validate request decorator being called
[2017-05-30 15:54:46] WARNING [apps.tokens.decorators.validate_request:114] Token validate request decorator being called
[2017-05-30 15:54:46] ERROR [apps.tokens.decorators.validate_request:115] Token validate request decorator being called
[2017-05-30 15:54:46] CRITICAL [apps.tokens.decorators.validate_request:116] Token validate request decorator being called
[2017-05-30 15:54:52] WARNING [apps.tokens.decorators.validate_request:114] Token validate request decorator being called
[2017-05-30 15:54:52] ERROR [apps.tokens.decorators.validate_request:115] Token validate request decorator being called
[2017-05-30 15:54:52] CRITICAL [apps.tokens.decorators.validate_request:116] Token validate request decorator being called
[2017-05-30 15:54:58] WARNING [apps.tokens.decorators.validate_request:114] Token validate request decorator being called
[2017-05-30 15:54:58] ERROR [apps.tokens.decorators.validate_request:115] Token validate request decorator being called
[2017-05-30 15:54:58] CRITICAL [apps.tokens.decorators.validate_request:116] Token validate request decorator being called
[2017-05-30 16:34:35] WARNING [apps.tokens.decorators.validate_request:114] Token validate request decorator being called
[2017-05-30 16:34:35] ERROR [apps.tokens.decorators.validate_request:115] Token validate request decorator being called
[2017-05-30 16:34:35] CRITICAL [apps.tokens.decorators.validate_request:116] Token validate request decorator being called
[2017-05-30 16:34:53] DEBUG [apps.tokens.decorators.validate_request:112] Token validate request decorator being called
[2017-05-30 16:34:53] INFO [apps.tokens.decorators.validate_request:113] Token validate request decorator being called
[2017-05-30 16:34:53] WARNING [apps.tokens.decorators.validate_request:114] Token validate request decorator being called
[2017-05-30 16:34:53] ERROR [apps.tokens.decorators.validate_request:115] Token validate request decorator being called
[2017-05-30 16:34:53] CRITICAL [apps.tokens.decorators.validate_request:116] Token validate request decorator being called
[2017-05-30 16:34:53] INFO [apps.accounts.decorators.validate_request:57] Validate request decorator being called
[2017-05-30 16:34:53] INFO [apps.accounts.decorators.validate_request:57] Validate request decorator being called
[2017-05-30 16:35:00] DEBUG [apps.tokens.decorators.validate_request:112] Token validate request decorator being called
[2017-05-30 16:35:00] INFO [apps.tokens.decorators.validate_request:113] Token validate request decorator being called
[2017-05-30 16:35:00] WARNING [apps.tokens.decorators.validate_request:114] Token validate request decorator being called
[2017-05-30 16:35:00] ERROR [apps.tokens.decorators.validate_request:115] Token validate request decorator being called
[2017-05-30 16:35:00] CRITICAL [apps.tokens.decorators.validate_request:116] Token validate request decorator being called
[2017-05-30 16:35:00] INFO [apps.accounts.decorators.validate_request:57] Validate request decorator being called
[2017-05-30 16:35:00] INFO [apps.accounts.decorators.validate_request:57] Validate request decorator being called
[2017-05-30 16:35:13] DEBUG [apps.tokens.decorators.validate_request:112] Token validate request decorator being called
[2017-05-30 16:35:13] INFO [apps.tokens.decorators.validate_request:113] Token validate request decorator being called
[2017-05-30 16:35:13] WARNING [apps.tokens.decorators.validate_request:114] Token validate request decorator being called
[2017-05-30 16:35:13] ERROR [apps.tokens.decorators.validate_request:115] Token validate request decorator being called
[2017-05-30 16:35:13] CRITICAL [apps.tokens.decorators.validate_request:116] Token validate request decorator being called
[2017-05-30 16:35:13] INFO [apps.accounts.decorators.validate_request:57] Validate request decorator being called
[2017-05-30 16:35:13] INFO [apps.accounts.decorators.validate_request:57] Validate request decorator being called
[2017-05-30 16:47:05] DEBUG [apps.tokens.decorators.validate_request:112] Token validate request decorator being called
[2017-05-30 16:47:05] INFO [apps.accounts.decorators.validate_request:57] Validate request decorator being called
[2017-05-30 16:47:05] INFO [apps.accounts.decorators.validate_request:57] Validate request decorator being called
[2017-05-30 16:48:19] DEBUG [apps.tokens.decorators.validate_request:112] Token validate request decorator being called
[2017-05-30 16:48:19] INFO [apps.accounts.decorators.validate_request:58] Validate request decorator being called
[2017-05-30 16:48:19] INFO [apps.accounts.decorators.validate_request:58] Validate request decorator being called
[2017-05-30 16:48:35] DEBUG [apps.tokens.decorators.validate_request:112] Token validate request decorator being called
[2017-05-30 16:48:35] DEBUG [apps.tokens.decorators.decorator:303] Decorator called for Validating requests
[2017-05-30 16:48:35] DEBUG [apps.tokens.decorators._validate_grant_type:155] Grant_type password
[2017-05-30 16:48:35] DEBUG [apps.tokens.decorators._validate_grant_type:192] Grant_type password. Second function
[2017-05-30 16:48:35] DEBUG [apps.tokens.decorators._extract_client:240] *** We have a HTTP_AUTHORIZATION request ***. Which is: Basic b25zQG9ucy5nb3Y6cGFzc3dvcmQ=
[2017-05-30 16:48:36] DEBUG [apps.tokens.views.post:17] Hitting post TokensView
